<?xml version="1.0" encoding="UTF-8"?>
<!-- Generated by org.testng.reporters.JUnitXMLReporter -->
<testsuite ignored="1" hostname="DESKTOP-JH6HKVT" failures="4" tests="8" name="Test" time="212.339" errors="0" timestamp="2022-09-19T21:02:02 IST">
  <testcase classname="com.MyEcom.testcase.IndexPageTest" name="@AfterMethod tearDown" time="0.423">
    <failure type="java.lang.IllegalArgumentException" message="Parameter &amp;apos;srcDir&amp;apos; is not a directory: &amp;apos;C:\Users\HP\AppData\Local\Temp\screenshot8379024897863611226.png&amp;apos;">
      <![CDATA[java.lang.IllegalArgumentException: Parameter 'srcDir' is not a directory: 'C:\Users\HP\AppData\Local\Temp\screenshot8379024897863611226.png'
at org.apache.commons.io.FileUtils.requireDirectory(FileUtils.java:2635)
at org.apache.commons.io.FileUtils.copyDirectory(FileUtils.java:682)
at org.apache.commons.io.FileUtils.copyDirectory(FileUtils.java:630)
at org.apache.commons.io.FileUtils.copyDirectory(FileUtils.java:531)
at org.apache.commons.io.FileUtils.copyDirectory(FileUtils.java:502)
at com.MyEcom.utility.Utility.getScreenShot(Utility.java:54)
at com.MyEcom.testcase.IndexPageTest.tearDown(IndexPageTest.java:60)
at java.base/java.util.ArrayList.forEach(ArrayList.java:1511)
... Removed 32 stack frames]]>
    </failure>
  </testcase> <!-- @AfterMethod tearDown -->
  <testcase classname="com.MyEcom.testcase.IndexPageTest" name="@BeforeMethod generateExtentReport" time="-1.663601383652E9">
    <skipped/>
  </testcase> <!-- @BeforeMethod generateExtentReport -->
  <testcase classname="com.MyEcom.testcase.IndexPageTest" name="@BeforeMethod setUp" time="-1.663601383654E9">
    <skipped/>
  </testcase> <!-- @BeforeMethod setUp -->
  <testcase classname="com.MyEcom.testcase.IndexPageTest" name="@AfterMethod flushReport" time="-1.663601383677E9">
    <skipped/>
  </testcase> <!-- @AfterMethod flushReport -->
  <testcase classname="com.MyEcom.testcase.IndexPageTest" name="@AfterMethod tearDown" time="-1.663601383678E9">
    <skipped/>
  </testcase> <!-- @AfterMethod tearDown -->
  <testcase classname="com.MyEcom.testcase.IndexPageTest" name="@BeforeMethod generateExtentReport" time="-1.663601383688E9">
    <skipped/>
  </testcase> <!-- @BeforeMethod generateExtentReport -->
  <testcase classname="com.MyEcom.testcase.IndexPageTest" name="@BeforeMethod setUp" time="-1.663601383691E9">
    <skipped/>
  </testcase> <!-- @BeforeMethod setUp -->
  <testcase classname="com.MyEcom.testcase.IndexPageTest" name="@AfterMethod flushReport" time="-1.663601383714E9">
    <skipped/>
  </testcase> <!-- @AfterMethod flushReport -->
  <testcase classname="com.MyEcom.testcase.IndexPageTest" name="@AfterMethod tearDown" time="-1.663601383734E9">
    <skipped/>
  </testcase> <!-- @AfterMethod tearDown -->
  <testcase classname="com.MyEcom.testcase.IndexPageTest" name="@BeforeMethod generateExtentReport" time="-1.663601383736E9">
    <skipped/>
  </testcase> <!-- @BeforeMethod generateExtentReport -->
  <testcase classname="com.MyEcom.testcase.IndexPageTest" name="@BeforeMethod setUp" time="-1.663601383737E9">
    <skipped/>
  </testcase> <!-- @BeforeMethod setUp -->
  <testcase classname="com.MyEcom.testcase.IndexPageTest" name="@AfterMethod flushReport" time="-1.663601383747E9">
    <skipped/>
  </testcase> <!-- @AfterMethod flushReport -->
  <testcase classname="com.MyEcom.testcase.IndexPageTest" name="@AfterMethod tearDown" time="-1.663601383751E9">
    <skipped/>
  </testcase> <!-- @AfterMethod tearDown -->
  <testcase classname="com.MyEcom.testcase.IndexPageTest" name="@BeforeMethod generateExtentReport" time="-1.663601383754E9">
    <skipped/>
  </testcase> <!-- @BeforeMethod generateExtentReport -->
  <testcase classname="com.MyEcom.testcase.IndexPageTest" name="@BeforeMethod setUp" time="-1.663601383755E9">
    <skipped/>
  </testcase> <!-- @BeforeMethod setUp -->
  <testcase classname="com.MyEcom.testcase.IndexPageTest" name="@AfterMethod flushReport" time="-1.663601383769E9">
    <skipped/>
  </testcase> <!-- @AfterMethod flushReport -->
  <testcase classname="com.MyEcom.testcase.IndexPageTest" name="@AfterMethod tearDown" time="-1.663601383771E9">
    <skipped/>
  </testcase> <!-- @AfterMethod tearDown -->
  <testcase classname="com.MyEcom.testcase.IndexPageTest" name="ClickOnSignIn" time="2.744">
    <failure type="java.lang.NullPointerException" message="Cannot invoke &amp;quot;com.MyEcom.Pom.SignInPagePom.getPageHEading()&amp;quot; because &amp;quot;this.signInPagePom&amp;quot; is null">
      <![CDATA[java.lang.NullPointerException: Cannot invoke "com.MyEcom.Pom.SignInPagePom.getPageHEading()" because "this.signInPagePom" is null
at com.MyEcom.testcase.IndexPageTest.ClickOnSignIn(IndexPageTest.java:100)
at java.base/java.util.ArrayList.forEach(ArrayList.java:1511)
... Removed 27 stack frames]]>
    </failure>
  </testcase> <!-- ClickOnSignIn -->
  <testcase classname="com.MyEcom.testcase.IndexPageTest" name="SearchProduct" time="0.0">
    <skipped/>
  </testcase> <!-- SearchProduct -->
  <testcase classname="com.MyEcom.testcase.IndexPageTest" name="ValidateSearchButton" time="0.0">
    <skipped/>
  </testcase> <!-- ValidateSearchButton -->
  <testcase classname="com.MyEcom.testcase.IndexPageTest" name="ValidateTittle" time="0.0">
    <skipped/>
  </testcase> <!-- ValidateTittle -->
  <testcase classname="com.MyEcom.testcase.IndexPageTest" name="validateLogo" time="0.0">
    <skipped/>
  </testcase> <!-- validateLogo -->
  <testcase classname="com.MyEcom.testcase.SignInPageTest" name="login" time="25.852">
    <failure type="org.openqa.selenium.NoSuchElementException" message="Unable to find element with locator By.id: email
For documentation on this error, please visit: https://selenium.dev/exceptions/#no_such_element
Build info: version: &amp;apos;4.4.0&amp;apos;, revision: &amp;apos;e5c75ed026a&amp;apos;
System info: host: &amp;apos;DESKTOP-JH6HKVT&amp;apos;, ip: &amp;apos;192.168.118.160&amp;apos;, os.name: &amp;apos;Windows 10&amp;apos;, os.arch: &amp;apos;amd64&amp;apos;, os.version: &amp;apos;10.0&amp;apos;, java.version: &amp;apos;17.0.3&amp;apos;
Driver info: driver.version: RemoteWebDriver">
      <![CDATA[org.openqa.selenium.NoSuchElementException: Unable to find element with locator By.id: email
For documentation on this error, please visit: https://selenium.dev/exceptions/#no_such_element
Build info: version: '4.4.0', revision: 'e5c75ed026a'
System info: host: 'DESKTOP-JH6HKVT', ip: '192.168.118.160', os.name: 'Windows 10', os.arch: 'amd64', os.version: '10.0', java.version: '17.0.3'
Driver info: driver.version: RemoteWebDriver
at org.openqa.selenium.remote.ElementLocation$ElementFinder$2.findElement(ElementLocation.java:165)
at org.openqa.selenium.remote.ElementLocation.findElement(ElementLocation.java:66)
at org.openqa.selenium.remote.RemoteWebDriver.findElement(RemoteWebDriver.java:365)
at org.openqa.selenium.remote.RemoteWebDriver.findElement(RemoteWebDriver.java:357)
at org.openqa.selenium.support.pagefactory.DefaultElementLocator.findElement(DefaultElementLocator.java:70)
at org.openqa.selenium.support.pagefactory.internal.LocatingElementHandler.invoke(LocatingElementHandler.java:39)
at jdk.proxy2/jdk.proxy2.$Proxy13.sendKeys(Unknown Source)
at com.MyEcom.Pom.SignInPagePom.setLoinData(SignInPagePom.java:44)
at com.MyEcom.testcase.SignInPageTest.login(SignInPageTest.java:68)
at java.base/java.util.ArrayList.forEach(ArrayList.java:1511)
... Removed 27 stack frames]]>
    </failure>
  </testcase> <!-- login -->
  <testcase classname="com.MyEcom.testcase.SignInPageTest" name="signUpDetalis" time="31.531">
    <failure type="org.openqa.selenium.NoSuchElementException" message="no such element: Unable to locate element: {&amp;quot;method&amp;quot;:&amp;quot;css selector&amp;quot;,&amp;quot;selector&amp;quot;:&amp;quot;#id_gender1&amp;quot;}
  (Session info: chrome=105.0.5195.127)
For documentation on this error, please visit: https://selenium.dev/exceptions/#no_such_element
Build info: version: &amp;apos;4.4.0&amp;apos;, revision: &amp;apos;e5c75ed026a&amp;apos;
System info: host: &amp;apos;DESKTOP-JH6HKVT&amp;apos;, ip: &amp;apos;192.168.118.160&amp;apos;, os.name: &amp;apos;Windows 10&amp;apos;, os.arch: &amp;apos;amd64&amp;apos;, os.version: &amp;apos;10.0&amp;apos;, java.version: &amp;apos;17.0.3&amp;apos;
Driver info: org.openqa.selenium.chrome.ChromeDriver
Command: [1fdd371ae2d51a879fca872a514b7005, findElement {using=id, value=id_gender1}]
Capabilities {acceptInsecureCerts: false, browserName: chrome, browserVersion: 105.0.5195.127, chrome: {chromedriverVersion: 104.0.5112.79 (3cf3e8c8a07d..., userDataDir: C:\Users\HP\AppData\Local\T...}, goog:chromeOptions: {debuggerAddress: localhost:63652}, networkConnectionEnabled: false, pageLoadStrategy: normal, platformName: WINDOWS, proxy: Proxy(), se:cdp: ws://localhost:63652/devtoo..., se:cdpVersion: 105.0.5195.127, setWindowRect: true, strictFileInteractability: false, timeouts: {implicit: 0, pageLoad: 300000, script: 30000}, unhandledPromptBehavior: dismiss and notify, webauthn:extension:credBlob: true, webauthn:extension:largeBlob: true, webauthn:virtualAuthenticators: true}
Session ID: 1fdd371ae2d51a879fca872a514b7005">
      <![CDATA[org.openqa.selenium.NoSuchElementException: no such element: Unable to locate element: {"method":"css selector","selector":"#id_gender1"}
  (Session info: chrome=105.0.5195.127)
For documentation on this error, please visit: https://selenium.dev/exceptions/#no_such_element
Build info: version: '4.4.0', revision: 'e5c75ed026a'
System info: host: 'DESKTOP-JH6HKVT', ip: '192.168.118.160', os.name: 'Windows 10', os.arch: 'amd64', os.version: '10.0', java.version: '17.0.3'
Driver info: org.openqa.selenium.chrome.ChromeDriver
Command: [1fdd371ae2d51a879fca872a514b7005, findElement {using=id, value=id_gender1}]
Capabilities {acceptInsecureCerts: false, browserName: chrome, browserVersion: 105.0.5195.127, chrome: {chromedriverVersion: 104.0.5112.79 (3cf3e8c8a07d..., userDataDir: C:\Users\HP\AppData\Local\T...}, goog:chromeOptions: {debuggerAddress: localhost:63652}, networkConnectionEnabled: false, pageLoadStrategy: normal, platformName: WINDOWS, proxy: Proxy(), se:cdp: ws://localhost:63652/devtoo..., se:cdpVersion: 105.0.5195.127, setWindowRect: true, strictFileInteractability: false, timeouts: {implicit: 0, pageLoad: 300000, script: 30000}, unhandledPromptBehavior: dismiss and notify, webauthn:extension:credBlob: true, webauthn:extension:largeBlob: true, webauthn:virtualAuthenticators: true}
Session ID: 1fdd371ae2d51a879fca872a514b7005
at org.openqa.selenium.remote.codec.w3c.W3CHttpResponseCodec.createException(W3CHttpResponseCodec.java:200)
at org.openqa.selenium.remote.codec.w3c.W3CHttpResponseCodec.decode(W3CHttpResponseCodec.java:133)
at org.openqa.selenium.remote.codec.w3c.W3CHttpResponseCodec.decode(W3CHttpResponseCodec.java:53)
at org.openqa.selenium.remote.HttpCommandExecutor.execute(HttpCommandExecutor.java:184)
at org.openqa.selenium.remote.service.DriverCommandExecutor.invokeExecute(DriverCommandExecutor.java:167)
at org.openqa.selenium.remote.service.DriverCommandExecutor.execute(DriverCommandExecutor.java:142)
at org.openqa.selenium.remote.RemoteWebDriver.execute(RemoteWebDriver.java:547)
at org.openqa.selenium.remote.ElementLocation$ElementFinder$2.findElement(ElementLocation.java:162)
at org.openqa.selenium.remote.ElementLocation.findElement(ElementLocation.java:60)
at org.openqa.selenium.remote.RemoteWebDriver.findElement(RemoteWebDriver.java:365)
at org.openqa.selenium.remote.RemoteWebDriver.findElement(RemoteWebDriver.java:357)
at org.openqa.selenium.support.pagefactory.DefaultElementLocator.findElement(DefaultElementLocator.java:70)
at org.openqa.selenium.support.pagefactory.internal.LocatingElementHandler.invoke(LocatingElementHandler.java:39)
at jdk.proxy2/jdk.proxy2.$Proxy13.click(Unknown Source)
at com.MyEcom.Pom.signUpPageDetails.titilemr(signUpPageDetails.java:63)
at com.MyEcom.testcase.SignInPageTest.signUpDetalis(SignInPageTest.java:92)
at java.base/java.util.ArrayList.forEach(ArrayList.java:1511)
... Removed 32 stack frames]]>
    </failure>
  </testcase> <!-- signUpDetalis -->
  <testcase classname="com.MyEcom.testcase.SignInPageTest" name="signup" time="2.089">
    <failure type="org.openqa.selenium.NoSuchElementException" message="no such element: Unable to locate element: {&amp;quot;method&amp;quot;:&amp;quot;xpath&amp;quot;,&amp;quot;selector&amp;quot;:&amp;quot;//a[@class=&amp;apos;login&amp;apos;]&amp;quot;}
  (Session info: chrome=105.0.5195.127)
For documentation on this error, please visit: https://selenium.dev/exceptions/#no_such_element
Build info: version: &amp;apos;4.4.0&amp;apos;, revision: &amp;apos;e5c75ed026a&amp;apos;
System info: host: &amp;apos;DESKTOP-JH6HKVT&amp;apos;, ip: &amp;apos;192.168.118.160&amp;apos;, os.name: &amp;apos;Windows 10&amp;apos;, os.arch: &amp;apos;amd64&amp;apos;, os.version: &amp;apos;10.0&amp;apos;, java.version: &amp;apos;17.0.3&amp;apos;
Driver info: org.openqa.selenium.chrome.ChromeDriver
Command: [4fcacc57b3382a02e06e533b1cb5106a, findElement {using=xpath, value=//a[@class=&amp;apos;login&amp;apos;]}]
Capabilities {acceptInsecureCerts: false, browserName: chrome, browserVersion: 105.0.5195.127, chrome: {chromedriverVersion: 104.0.5112.79 (3cf3e8c8a07d..., userDataDir: C:\Users\HP\AppData\Local\T...}, goog:chromeOptions: {debuggerAddress: localhost:63695}, networkConnectionEnabled: false, pageLoadStrategy: normal, platformName: WINDOWS, proxy: Proxy(), se:cdp: ws://localhost:63695/devtoo..., se:cdpVersion: 105.0.5195.127, setWindowRect: true, strictFileInteractability: false, timeouts: {implicit: 0, pageLoad: 300000, script: 30000}, unhandledPromptBehavior: dismiss and notify, webauthn:extension:credBlob: true, webauthn:extension:largeBlob: true, webauthn:virtualAuthenticators: true}
Session ID: 4fcacc57b3382a02e06e533b1cb5106a">
      <![CDATA[org.openqa.selenium.NoSuchElementException: no such element: Unable to locate element: {"method":"xpath","selector":"//a[@class='login']"}
  (Session info: chrome=105.0.5195.127)
For documentation on this error, please visit: https://selenium.dev/exceptions/#no_such_element
Build info: version: '4.4.0', revision: 'e5c75ed026a'
System info: host: 'DESKTOP-JH6HKVT', ip: '192.168.118.160', os.name: 'Windows 10', os.arch: 'amd64', os.version: '10.0', java.version: '17.0.3'
Driver info: org.openqa.selenium.chrome.ChromeDriver
Command: [4fcacc57b3382a02e06e533b1cb5106a, findElement {using=xpath, value=//a[@class='login']}]
Capabilities {acceptInsecureCerts: false, browserName: chrome, browserVersion: 105.0.5195.127, chrome: {chromedriverVersion: 104.0.5112.79 (3cf3e8c8a07d..., userDataDir: C:\Users\HP\AppData\Local\T...}, goog:chromeOptions: {debuggerAddress: localhost:63695}, networkConnectionEnabled: false, pageLoadStrategy: normal, platformName: WINDOWS, proxy: Proxy(), se:cdp: ws://localhost:63695/devtoo..., se:cdpVersion: 105.0.5195.127, setWindowRect: true, strictFileInteractability: false, timeouts: {implicit: 0, pageLoad: 300000, script: 30000}, unhandledPromptBehavior: dismiss and notify, webauthn:extension:credBlob: true, webauthn:extension:largeBlob: true, webauthn:virtualAuthenticators: true}
Session ID: 4fcacc57b3382a02e06e533b1cb5106a
at org.openqa.selenium.remote.codec.w3c.W3CHttpResponseCodec.createException(W3CHttpResponseCodec.java:200)
at org.openqa.selenium.remote.codec.w3c.W3CHttpResponseCodec.decode(W3CHttpResponseCodec.java:133)
at org.openqa.selenium.remote.codec.w3c.W3CHttpResponseCodec.decode(W3CHttpResponseCodec.java:53)
at org.openqa.selenium.remote.HttpCommandExecutor.execute(HttpCommandExecutor.java:184)
at org.openqa.selenium.remote.service.DriverCommandExecutor.invokeExecute(DriverCommandExecutor.java:167)
at org.openqa.selenium.remote.service.DriverCommandExecutor.execute(DriverCommandExecutor.java:142)
at org.openqa.selenium.remote.RemoteWebDriver.execute(RemoteWebDriver.java:547)
at org.openqa.selenium.remote.ElementLocation$ElementFinder$2.findElement(ElementLocation.java:162)
at org.openqa.selenium.remote.ElementLocation.findElement(ElementLocation.java:60)
at org.openqa.selenium.remote.RemoteWebDriver.findElement(RemoteWebDriver.java:365)
at org.openqa.selenium.remote.RemoteWebDriver.findElement(RemoteWebDriver.java:357)
at org.openqa.selenium.support.pagefactory.DefaultElementLocator.findElement(DefaultElementLocator.java:70)
at org.openqa.selenium.support.pagefactory.internal.LocatingElementHandler.invoke(LocatingElementHandler.java:39)
at jdk.proxy2/jdk.proxy2.$Proxy13.click(Unknown Source)
at com.MyEcom.Pom.IndexPagePom.ClickOnSignIn(IndexPagePom.java:51)
at com.MyEcom.testcase.SignInPageTest.signup(SignInPageTest.java:78)
at java.base/java.util.ArrayList.forEach(ArrayList.java:1511)
... Removed 32 stack frames]]>
    </failure>
  </testcase> <!-- signup -->
  <testcase classname="com.MyEcom.base.BaseClass" name="@BeforeTest readProp" time="0.0">
    <ignored/>
  </testcase> <!-- @BeforeTest readProp -->
</testsuite> <!-- Test -->
