<!DOCTYPE html PUBLIC "-//W3C//DTD XHTML 1.1//EN" "https://www.w3.org/TR/xhtml11/DTD/xhtml11.dtd">
<html xmlns="https://www.w3.org/1999/xhtml">
<head>
<meta http-equiv="content-type" content="text/html; charset=UTF-8"/>
<title>TestNG Report</title>
<style type="text/css">table {margin-bottom:10px;border-collapse:collapse;empty-cells:show}th,td {border:1px solid #009;padding:.25em .5em}th {vertical-align:bottom}td {vertical-align:top}table a {font-weight:bold}.stripe td {background-color: #E6EBF9}.num {text-align:right}.passedodd td {background-color: #3F3}.passedeven td {background-color: #0A0}.skippedodd td {background-color: #DDD}.skippedeven td {background-color: #CCC}.failedodd td,.attn {background-color: #F33}.failedeven td,.stripe .attn {background-color: #D00}.stacktrace {white-space:pre;font-family:monospace}.totop {font-size:85%;text-align:center;border-bottom:2px solid #000}.invisible {display:none}</style>
</head>
<body>
<table>
<tr><th>Test</th><th># Passed</th><th># Skipped</th><th># Retried</th><th># Failed</th><th>Time (ms)</th><th>Included Groups</th><th>Excluded Groups</th></tr>
<tr><th colspan="8">Suite</th></tr>
<tr><td><a href="#t0">Test</a></td><td class="num">0</td><td class="num attn">4</td><td class="num">0</td><td class="num attn">4</td><td class="num">212,339</td><td></td><td></td></tr>
</table>
<table id='summary'><thead><tr><th>Class</th><th>Method</th><th>Start</th><th>Time (ms)</th></tr></thead><tbody><tr><th colspan="4">Suite</th></tr></tbody><tbody id="t0"><tr><th colspan="4">Test &#8212; failed (configuration methods)</th></tr><tr class="failedeven"><td rowspan="1">com.MyEcom.testcase.IndexPageTest</td><td><a href="#m0">tearDown</a></td><td rowspan="1">1663601383202</td><td rowspan="1">423</td></tr><tr><th colspan="4">Test &#8212; failed</th></tr><tr class="failedeven"><td rowspan="1">com.MyEcom.testcase.IndexPageTest</td><td><a href="#m1">ClickOnSignIn</a></td><td rowspan="1">1663601379755</td><td rowspan="1">2744</td></tr><tr class="failedodd"><td rowspan="3">com.MyEcom.testcase.SignInPageTest</td><td><a href="#m2">login</a></td><td rowspan="1">1663601431235</td><td rowspan="1">25852</td></tr><tr class="failedodd"><td><a href="#m3">signUpDetalis</a></td><td rowspan="1">1663601481607</td><td rowspan="1">31531</td></tr><tr class="failedodd"><td><a href="#m4">signup</a></td><td rowspan="1">1663601519695</td><td rowspan="1">2089</td></tr><tr><th colspan="4">Test &#8212; skipped (configuration methods)</th></tr><tr class="skippedeven"><td rowspan="16">com.MyEcom.testcase.IndexPageTest</td><td><a href="#m5">flushReport</a></td><td rowspan="4">1663601383747</td><td rowspan="4">-1663601383747</td></tr><tr class="skippedeven"><td><a href="#m6">flushReport</a></td></tr><tr class="skippedeven"><td><a href="#m7">flushReport</a></td></tr><tr class="skippedeven"><td><a href="#m8">flushReport</a></td></tr><tr class="skippedeven"><td><a href="#m9">generateExtentReport</a></td><td rowspan="4">1663601383754</td><td rowspan="4">-1663601383754</td></tr><tr class="skippedeven"><td><a href="#m10">generateExtentReport</a></td></tr><tr class="skippedeven"><td><a href="#m11">generateExtentReport</a></td></tr><tr class="skippedeven"><td><a href="#m12">generateExtentReport</a></td></tr><tr class="skippedeven"><td><a href="#m13">setUp</a></td><td rowspan="4">1663601383691</td><td rowspan="4">-1663601383691</td></tr><tr class="skippedeven"><td><a href="#m14">setUp</a></td></tr><tr class="skippedeven"><td><a href="#m15">setUp</a></td></tr><tr class="skippedeven"><td><a href="#m16">setUp</a></td></tr><tr class="skippedeven"><td><a href="#m17">tearDown</a></td><td rowspan="4">1663601383678</td><td rowspan="4">-1663601383678</td></tr><tr class="skippedeven"><td><a href="#m18">tearDown</a></td></tr><tr class="skippedeven"><td><a href="#m19">tearDown</a></td></tr><tr class="skippedeven"><td><a href="#m20">tearDown</a></td></tr><tr><th colspan="4">Test &#8212; skipped</th></tr><tr class="skippedeven"><td rowspan="4">com.MyEcom.testcase.IndexPageTest</td><td><a href="#m21">SearchProduct</a></td><td rowspan="1">1663601383663</td><td rowspan="1">0</td></tr><tr class="skippedeven"><td><a href="#m22">ValidateSearchButton</a></td><td rowspan="1">1663601383696</td><td rowspan="1">0</td></tr><tr class="skippedeven"><td><a href="#m23">ValidateTittle</a></td><td rowspan="1">1663601383738</td><td rowspan="1">0</td></tr><tr class="skippedeven"><td><a href="#m24">validateLogo</a></td><td rowspan="1">1663601383757</td><td rowspan="1">0</td></tr></tbody>
</table>
<h2>Test</h2><h3 id="m0">com.MyEcom.testcase.IndexPageTest#tearDown</h3><table class="result"><tr class="param"><th>Parameter #1</th></tr><tr class="param stripe"><td>[TestResult name=ClickOnSignIn status=FAILURE method=IndexPageTest.ClickOnSignIn()[pri:0, instance:com.MyEcom.testcase.IndexPageTest@12aba8be] output={null}]</td></tr><tr><th>Exception</th></tr><tr><td><div class="stacktrace">java.lang.IllegalArgumentException: Parameter &apos;srcDir&apos; is not a directory: &apos;C:\Users\HP\AppData\Local\Temp\screenshot8379024897863611226.png&apos;
	at org.apache.commons.io.FileUtils.requireDirectory(FileUtils.java:2635)
	at org.apache.commons.io.FileUtils.copyDirectory(FileUtils.java:682)
	at org.apache.commons.io.FileUtils.copyDirectory(FileUtils.java:630)
	at org.apache.commons.io.FileUtils.copyDirectory(FileUtils.java:531)
	at org.apache.commons.io.FileUtils.copyDirectory(FileUtils.java:502)
	at com.MyEcom.utility.Utility.getScreenShot(Utility.java:54)
	at com.MyEcom.testcase.IndexPageTest.tearDown(IndexPageTest.java:60)
	at java.base/java.util.ArrayList.forEach(ArrayList.java:1511)
... Removed 32 stack frames</div></td></tr></table><p class="totop"><a href="#summary">back to summary</a></p>
<h3 id="m1">com.MyEcom.testcase.IndexPageTest#ClickOnSignIn</h3><table class="result"><tr><th>Exception</th></tr><tr><td><div class="stacktrace">java.lang.NullPointerException: Cannot invoke &quot;com.MyEcom.Pom.SignInPagePom.getPageHEading()&quot; because &quot;this.signInPagePom&quot; is null
	at com.MyEcom.testcase.IndexPageTest.ClickOnSignIn(IndexPageTest.java:100)
	at java.base/java.util.ArrayList.forEach(ArrayList.java:1511)
... Removed 27 stack frames</div></td></tr></table><p class="totop"><a href="#summary">back to summary</a></p>
<h3 id="m2">com.MyEcom.testcase.SignInPageTest#login</h3><table class="result"><tr><th>Exception</th></tr><tr><td><div class="stacktrace">org.openqa.selenium.NoSuchElementException: Unable to find element with locator By.id: email
For documentation on this error, please visit: https://selenium.dev/exceptions/#no_such_element
Build info: version: &apos;4.4.0&apos;, revision: &apos;e5c75ed026a&apos;
System info: host: &apos;DESKTOP-JH6HKVT&apos;, ip: &apos;192.168.118.160&apos;, os.name: &apos;Windows 10&apos;, os.arch: &apos;amd64&apos;, os.version: &apos;10.0&apos;, java.version: &apos;17.0.3&apos;
Driver info: driver.version: RemoteWebDriver
	at org.openqa.selenium.remote.ElementLocation$ElementFinder$2.findElement(ElementLocation.java:165)
	at org.openqa.selenium.remote.ElementLocation.findElement(ElementLocation.java:66)
	at org.openqa.selenium.remote.RemoteWebDriver.findElement(RemoteWebDriver.java:365)
	at org.openqa.selenium.remote.RemoteWebDriver.findElement(RemoteWebDriver.java:357)
	at org.openqa.selenium.support.pagefactory.DefaultElementLocator.findElement(DefaultElementLocator.java:70)
	at org.openqa.selenium.support.pagefactory.internal.LocatingElementHandler.invoke(LocatingElementHandler.java:39)
	at jdk.proxy2/jdk.proxy2.$Proxy13.sendKeys(Unknown Source)
	at com.MyEcom.Pom.SignInPagePom.setLoinData(SignInPagePom.java:44)
	at com.MyEcom.testcase.SignInPageTest.login(SignInPageTest.java:68)
	at java.base/java.util.ArrayList.forEach(ArrayList.java:1511)
... Removed 27 stack frames</div></td></tr></table><p class="totop"><a href="#summary">back to summary</a></p>
<h3 id="m3">com.MyEcom.testcase.SignInPageTest#signUpDetalis</h3><table class="result"><tr><th>Exception</th></tr><tr><td><div class="stacktrace">org.openqa.selenium.NoSuchElementException: no such element: Unable to locate element: {&quot;method&quot;:&quot;css selector&quot;,&quot;selector&quot;:&quot;#id_gender1&quot;}
  (Session info: chrome=105.0.5195.127)
For documentation on this error, please visit: https://selenium.dev/exceptions/#no_such_element
Build info: version: &apos;4.4.0&apos;, revision: &apos;e5c75ed026a&apos;
System info: host: &apos;DESKTOP-JH6HKVT&apos;, ip: &apos;192.168.118.160&apos;, os.name: &apos;Windows 10&apos;, os.arch: &apos;amd64&apos;, os.version: &apos;10.0&apos;, java.version: &apos;17.0.3&apos;
Driver info: org.openqa.selenium.chrome.ChromeDriver
Command: [1fdd371ae2d51a879fca872a514b7005, findElement {using=id, value=id_gender1}]
Capabilities {acceptInsecureCerts: false, browserName: chrome, browserVersion: 105.0.5195.127, chrome: {chromedriverVersion: 104.0.5112.79 (3cf3e8c8a07d..., userDataDir: C:\Users\HP\AppData\Local\T...}, goog:chromeOptions: {debuggerAddress: localhost:63652}, networkConnectionEnabled: false, pageLoadStrategy: normal, platformName: WINDOWS, proxy: Proxy(), se:cdp: ws://localhost:63652/devtoo..., se:cdpVersion: 105.0.5195.127, setWindowRect: true, strictFileInteractability: false, timeouts: {implicit: 0, pageLoad: 300000, script: 30000}, unhandledPromptBehavior: dismiss and notify, webauthn:extension:credBlob: true, webauthn:extension:largeBlob: true, webauthn:virtualAuthenticators: true}
Session ID: 1fdd371ae2d51a879fca872a514b7005
	at org.openqa.selenium.remote.codec.w3c.W3CHttpResponseCodec.createException(W3CHttpResponseCodec.java:200)
	at org.openqa.selenium.remote.codec.w3c.W3CHttpResponseCodec.decode(W3CHttpResponseCodec.java:133)
	at org.openqa.selenium.remote.codec.w3c.W3CHttpResponseCodec.decode(W3CHttpResponseCodec.java:53)
	at org.openqa.selenium.remote.HttpCommandExecutor.execute(HttpCommandExecutor.java:184)
	at org.openqa.selenium.remote.service.DriverCommandExecutor.invokeExecute(DriverCommandExecutor.java:167)
	at org.openqa.selenium.remote.service.DriverCommandExecutor.execute(DriverCommandExecutor.java:142)
	at org.openqa.selenium.remote.RemoteWebDriver.execute(RemoteWebDriver.java:547)
	at org.openqa.selenium.remote.ElementLocation$ElementFinder$2.findElement(ElementLocation.java:162)
	at org.openqa.selenium.remote.ElementLocation.findElement(ElementLocation.java:60)
	at org.openqa.selenium.remote.RemoteWebDriver.findElement(RemoteWebDriver.java:365)
	at org.openqa.selenium.remote.RemoteWebDriver.findElement(RemoteWebDriver.java:357)
	at org.openqa.selenium.support.pagefactory.DefaultElementLocator.findElement(DefaultElementLocator.java:70)
	at org.openqa.selenium.support.pagefactory.internal.LocatingElementHandler.invoke(LocatingElementHandler.java:39)
	at jdk.proxy2/jdk.proxy2.$Proxy13.click(Unknown Source)
	at com.MyEcom.Pom.signUpPageDetails.titilemr(signUpPageDetails.java:63)
	at com.MyEcom.testcase.SignInPageTest.signUpDetalis(SignInPageTest.java:92)
	at java.base/java.util.ArrayList.forEach(ArrayList.java:1511)
... Removed 32 stack frames</div></td></tr></table><p class="totop"><a href="#summary">back to summary</a></p>
<h3 id="m4">com.MyEcom.testcase.SignInPageTest#signup</h3><table class="result"><tr><th>Exception</th></tr><tr><td><div class="stacktrace">org.openqa.selenium.NoSuchElementException: no such element: Unable to locate element: {&quot;method&quot;:&quot;xpath&quot;,&quot;selector&quot;:&quot;//a[@class=&apos;login&apos;]&quot;}
  (Session info: chrome=105.0.5195.127)
For documentation on this error, please visit: https://selenium.dev/exceptions/#no_such_element
Build info: version: &apos;4.4.0&apos;, revision: &apos;e5c75ed026a&apos;
System info: host: &apos;DESKTOP-JH6HKVT&apos;, ip: &apos;192.168.118.160&apos;, os.name: &apos;Windows 10&apos;, os.arch: &apos;amd64&apos;, os.version: &apos;10.0&apos;, java.version: &apos;17.0.3&apos;
Driver info: org.openqa.selenium.chrome.ChromeDriver
Command: [4fcacc57b3382a02e06e533b1cb5106a, findElement {using=xpath, value=//a[@class=&apos;login&apos;]}]
Capabilities {acceptInsecureCerts: false, browserName: chrome, browserVersion: 105.0.5195.127, chrome: {chromedriverVersion: 104.0.5112.79 (3cf3e8c8a07d..., userDataDir: C:\Users\HP\AppData\Local\T...}, goog:chromeOptions: {debuggerAddress: localhost:63695}, networkConnectionEnabled: false, pageLoadStrategy: normal, platformName: WINDOWS, proxy: Proxy(), se:cdp: ws://localhost:63695/devtoo..., se:cdpVersion: 105.0.5195.127, setWindowRect: true, strictFileInteractability: false, timeouts: {implicit: 0, pageLoad: 300000, script: 30000}, unhandledPromptBehavior: dismiss and notify, webauthn:extension:credBlob: true, webauthn:extension:largeBlob: true, webauthn:virtualAuthenticators: true}
Session ID: 4fcacc57b3382a02e06e533b1cb5106a
	at org.openqa.selenium.remote.codec.w3c.W3CHttpResponseCodec.createException(W3CHttpResponseCodec.java:200)
	at org.openqa.selenium.remote.codec.w3c.W3CHttpResponseCodec.decode(W3CHttpResponseCodec.java:133)
	at org.openqa.selenium.remote.codec.w3c.W3CHttpResponseCodec.decode(W3CHttpResponseCodec.java:53)
	at org.openqa.selenium.remote.HttpCommandExecutor.execute(HttpCommandExecutor.java:184)
	at org.openqa.selenium.remote.service.DriverCommandExecutor.invokeExecute(DriverCommandExecutor.java:167)
	at org.openqa.selenium.remote.service.DriverCommandExecutor.execute(DriverCommandExecutor.java:142)
	at org.openqa.selenium.remote.RemoteWebDriver.execute(RemoteWebDriver.java:547)
	at org.openqa.selenium.remote.ElementLocation$ElementFinder$2.findElement(ElementLocation.java:162)
	at org.openqa.selenium.remote.ElementLocation.findElement(ElementLocation.java:60)
	at org.openqa.selenium.remote.RemoteWebDriver.findElement(RemoteWebDriver.java:365)
	at org.openqa.selenium.remote.RemoteWebDriver.findElement(RemoteWebDriver.java:357)
	at org.openqa.selenium.support.pagefactory.DefaultElementLocator.findElement(DefaultElementLocator.java:70)
	at org.openqa.selenium.support.pagefactory.internal.LocatingElementHandler.invoke(LocatingElementHandler.java:39)
	at jdk.proxy2/jdk.proxy2.$Proxy13.click(Unknown Source)
	at com.MyEcom.Pom.IndexPagePom.ClickOnSignIn(IndexPagePom.java:51)
	at com.MyEcom.testcase.SignInPageTest.signup(SignInPageTest.java:78)
	at java.base/java.util.ArrayList.forEach(ArrayList.java:1511)
... Removed 32 stack frames</div></td></tr></table><p class="totop"><a href="#summary">back to summary</a></p>
<h3 id="m5">com.MyEcom.testcase.IndexPageTest#flushReport</h3><table class="result"><tr><th class="invisible"/></tr></table><p class="totop"><a href="#summary">back to summary</a></p>
<h3 id="m6">com.MyEcom.testcase.IndexPageTest#flushReport</h3><table class="result"><tr><th class="invisible"/></tr></table><p class="totop"><a href="#summary">back to summary</a></p>
<h3 id="m7">com.MyEcom.testcase.IndexPageTest#flushReport</h3><table class="result"><tr><th class="invisible"/></tr></table><p class="totop"><a href="#summary">back to summary</a></p>
<h3 id="m8">com.MyEcom.testcase.IndexPageTest#flushReport</h3><table class="result"><tr><th class="invisible"/></tr></table><p class="totop"><a href="#summary">back to summary</a></p>
<h3 id="m9">com.MyEcom.testcase.IndexPageTest#generateExtentReport</h3><table class="result"><tr><th class="invisible"/></tr></table><p class="totop"><a href="#summary">back to summary</a></p>
<h3 id="m10">com.MyEcom.testcase.IndexPageTest#generateExtentReport</h3><table class="result"><tr><th class="invisible"/></tr></table><p class="totop"><a href="#summary">back to summary</a></p>
<h3 id="m11">com.MyEcom.testcase.IndexPageTest#generateExtentReport</h3><table class="result"><tr><th class="invisible"/></tr></table><p class="totop"><a href="#summary">back to summary</a></p>
<h3 id="m12">com.MyEcom.testcase.IndexPageTest#generateExtentReport</h3><table class="result"><tr><th class="invisible"/></tr></table><p class="totop"><a href="#summary">back to summary</a></p>
<h3 id="m13">com.MyEcom.testcase.IndexPageTest#setUp</h3><table class="result"><tr><th class="invisible"/></tr></table><p class="totop"><a href="#summary">back to summary</a></p>
<h3 id="m14">com.MyEcom.testcase.IndexPageTest#setUp</h3><table class="result"><tr><th class="invisible"/></tr></table><p class="totop"><a href="#summary">back to summary</a></p>
<h3 id="m15">com.MyEcom.testcase.IndexPageTest#setUp</h3><table class="result"><tr><th class="invisible"/></tr></table><p class="totop"><a href="#summary">back to summary</a></p>
<h3 id="m16">com.MyEcom.testcase.IndexPageTest#setUp</h3><table class="result"><tr><th class="invisible"/></tr></table><p class="totop"><a href="#summary">back to summary</a></p>
<h3 id="m17">com.MyEcom.testcase.IndexPageTest#tearDown</h3><table class="result"><tr><th class="invisible"/></tr></table><p class="totop"><a href="#summary">back to summary</a></p>
<h3 id="m18">com.MyEcom.testcase.IndexPageTest#tearDown</h3><table class="result"><tr><th class="invisible"/></tr></table><p class="totop"><a href="#summary">back to summary</a></p>
<h3 id="m19">com.MyEcom.testcase.IndexPageTest#tearDown</h3><table class="result"><tr><th class="invisible"/></tr></table><p class="totop"><a href="#summary">back to summary</a></p>
<h3 id="m20">com.MyEcom.testcase.IndexPageTest#tearDown</h3><table class="result"><tr><th class="invisible"/></tr></table><p class="totop"><a href="#summary">back to summary</a></p>
<h3 id="m21">com.MyEcom.testcase.IndexPageTest#SearchProduct</h3><table class="result"><tr><th>Exception</th></tr><tr><td><div class="stacktrace">java.lang.IllegalArgumentException: Parameter &apos;srcDir&apos; is not a directory: &apos;C:\Users\HP\AppData\Local\Temp\screenshot8379024897863611226.png&apos;
	at org.apache.commons.io.FileUtils.requireDirectory(FileUtils.java:2635)
	at org.apache.commons.io.FileUtils.copyDirectory(FileUtils.java:682)
	at org.apache.commons.io.FileUtils.copyDirectory(FileUtils.java:630)
	at org.apache.commons.io.FileUtils.copyDirectory(FileUtils.java:531)
	at org.apache.commons.io.FileUtils.copyDirectory(FileUtils.java:502)
	at com.MyEcom.utility.Utility.getScreenShot(Utility.java:54)
	at com.MyEcom.testcase.IndexPageTest.tearDown(IndexPageTest.java:60)
	at java.base/java.util.ArrayList.forEach(ArrayList.java:1511)
... Removed 32 stack frames</div></td></tr></table><p class="totop"><a href="#summary">back to summary</a></p>
<h3 id="m22">com.MyEcom.testcase.IndexPageTest#ValidateSearchButton</h3><table class="result"><tr><th>Exception</th></tr><tr><td><div class="stacktrace">java.lang.IllegalArgumentException: Parameter &apos;srcDir&apos; is not a directory: &apos;C:\Users\HP\AppData\Local\Temp\screenshot8379024897863611226.png&apos;
	at org.apache.commons.io.FileUtils.requireDirectory(FileUtils.java:2635)
	at org.apache.commons.io.FileUtils.copyDirectory(FileUtils.java:682)
	at org.apache.commons.io.FileUtils.copyDirectory(FileUtils.java:630)
	at org.apache.commons.io.FileUtils.copyDirectory(FileUtils.java:531)
	at org.apache.commons.io.FileUtils.copyDirectory(FileUtils.java:502)
	at com.MyEcom.utility.Utility.getScreenShot(Utility.java:54)
	at com.MyEcom.testcase.IndexPageTest.tearDown(IndexPageTest.java:60)
	at java.base/java.util.ArrayList.forEach(ArrayList.java:1511)
... Removed 32 stack frames</div></td></tr></table><p class="totop"><a href="#summary">back to summary</a></p>
<h3 id="m23">com.MyEcom.testcase.IndexPageTest#ValidateTittle</h3><table class="result"><tr><th>Exception</th></tr><tr><td><div class="stacktrace">java.lang.IllegalArgumentException: Parameter &apos;srcDir&apos; is not a directory: &apos;C:\Users\HP\AppData\Local\Temp\screenshot8379024897863611226.png&apos;
	at org.apache.commons.io.FileUtils.requireDirectory(FileUtils.java:2635)
	at org.apache.commons.io.FileUtils.copyDirectory(FileUtils.java:682)
	at org.apache.commons.io.FileUtils.copyDirectory(FileUtils.java:630)
	at org.apache.commons.io.FileUtils.copyDirectory(FileUtils.java:531)
	at org.apache.commons.io.FileUtils.copyDirectory(FileUtils.java:502)
	at com.MyEcom.utility.Utility.getScreenShot(Utility.java:54)
	at com.MyEcom.testcase.IndexPageTest.tearDown(IndexPageTest.java:60)
	at java.base/java.util.ArrayList.forEach(ArrayList.java:1511)
... Removed 32 stack frames</div></td></tr></table><p class="totop"><a href="#summary">back to summary</a></p>
<h3 id="m24">com.MyEcom.testcase.IndexPageTest#validateLogo</h3><table class="result"><tr><th>Exception</th></tr><tr><td><div class="stacktrace">java.lang.IllegalArgumentException: Parameter &apos;srcDir&apos; is not a directory: &apos;C:\Users\HP\AppData\Local\Temp\screenshot8379024897863611226.png&apos;
	at org.apache.commons.io.FileUtils.requireDirectory(FileUtils.java:2635)
	at org.apache.commons.io.FileUtils.copyDirectory(FileUtils.java:682)
	at org.apache.commons.io.FileUtils.copyDirectory(FileUtils.java:630)
	at org.apache.commons.io.FileUtils.copyDirectory(FileUtils.java:531)
	at org.apache.commons.io.FileUtils.copyDirectory(FileUtils.java:502)
	at com.MyEcom.utility.Utility.getScreenShot(Utility.java:54)
	at com.MyEcom.testcase.IndexPageTest.tearDown(IndexPageTest.java:60)
	at java.base/java.util.ArrayList.forEach(ArrayList.java:1511)
... Removed 32 stack frames</div></td></tr></table><p class="totop"><a href="#summary">back to summary</a></p>
</body>
</html>
