<!DOCTYPE html>

<html>
  <head>
  <meta charset='utf-8'>
  <title>TestNG reports</title>

    <link type="text/css" href="testng-reports1.css" rel="stylesheet" id="ultra" />
    <link type="text/css" href="testng-reports.css" rel="stylesheet" id="retro" disabled="false"/>
    <script type="text/javascript" src="jquery.min.js"></script>
    <script type="text/javascript" src="testng-reports.js"></script>
    <script type="text/javascript" src="https://www.google.com/jsapi"></script>
    <script type='text/javascript'>
      google.load('visualization', '1', {packages:['table']});
      google.setOnLoadCallback(drawTable);
      var suiteTableInitFunctions = new Array();
      var suiteTableData = new Array();
    </script>
    <!--
      <script type="text/javascript" src="jquery-ui/js/jquery-ui-1.8.16.custom.min.js"></script>
     -->
  </head>

  <body>
    <div class="top-banner-root">
      <span class="top-banner-title-font">Test results</span>
      <button id="button" class="button">Switch Retro Theme</button> <!-- button -->
      <br/>
      <span class="top-banner-font-1">1 suite, 4 failed tests</span>
    </div> <!-- top-banner-root -->
    <div class="navigator-root">
      <div class="navigator-suite-header">
        <span>All suites</span>
        <a href="#" title="Collapse/expand all the suites" class="collapse-all-link">
          <img src="collapseall.gif" class="collapse-all-icon">
          </img> <!-- collapse-all-icon -->
        </a> <!-- collapse-all-link -->
      </div> <!-- navigator-suite-header -->
      <div class="suite">
        <div class="rounded-window">
          <div class="suite-header light-rounded-window-top">
            <a href="#" panel-name="suite-Suite" class="navigator-link">
              <span class="suite-name border-failed">Suite</span>
            </a> <!-- navigator-link -->
          </div> <!-- suite-header light-rounded-window-top -->
          <div class="navigator-suite-content">
            <div class="suite-section-title">
              <span>Info</span>
            </div> <!-- suite-section-title -->
            <div class="suite-section-content">
              <ul>
                <li>
                  <a href="#" panel-name="test-xml-Suite" class="navigator-link ">
                    <span>D:\JAVA Class\eclipse-Maven Project\testng.xml</span>
                  </a> <!-- navigator-link  -->
                </li>
                <li>
                  <a href="#" panel-name="testlist-Suite" class="navigator-link ">
                    <span class="test-stats">1 test</span>
                  </a> <!-- navigator-link  -->
                </li>
                <li>
                  <a href="#" panel-name="group-Suite" class="navigator-link ">
                    <span>0 groups</span>
                  </a> <!-- navigator-link  -->
                </li>
                <li>
                  <a href="#" panel-name="times-Suite" class="navigator-link ">
                    <span>Times</span>
                  </a> <!-- navigator-link  -->
                </li>
                <li>
                  <a href="#" panel-name="reporter-Suite" class="navigator-link ">
                    <span>Reporter output</span>
                  </a> <!-- navigator-link  -->
                </li>
                <li>
                  <a href="#" panel-name="ignored-methods-Suite" class="navigator-link ">
                    <span>Ignored methods</span>
                  </a> <!-- navigator-link  -->
                </li>
                <li>
                  <a href="#" panel-name="chronological-Suite" class="navigator-link ">
                    <span>Chronological view</span>
                  </a> <!-- navigator-link  -->
                </li>
              </ul>
            </div> <!-- suite-section-content -->
            <div class="result-section">
              <div class="suite-section-title">
                <span>Results</span>
              </div> <!-- suite-section-title -->
              <div class="suite-section-content">
                <ul>
                  <li>
                    <span class="method-stats">8 methods, 4 failed,  4 skipped,  </span>
                  </li>
                  <li>
                    <span class="method-list-title failed">Failed methods</span>
                    <span class="show-or-hide-methods failed">
                      <a href="#" panel-name="suite-Suite" class="hide-methods failed suite-Suite"> (hide)</a> <!-- hide-methods failed suite-Suite -->
                      <a href="#" panel-name="suite-Suite" class="show-methods failed suite-Suite"> (show)</a> <!-- show-methods failed suite-Suite -->
                    </span>
                    <div class="method-list-content failed suite-Suite">
                      <span>
                        <img src="failed.png" width="3%"/>
                        <a href="#" panel-name="suite-Suite" title="com.MyEcom.testcase.IndexPageTest" class="method navigator-link" hash-for-method="ClickOnSignIn">ClickOnSignIn</a> <!-- method navigator-link -->
                      </span>
                      <br/>
                      <span>
                        <img src="failed.png" width="3%"/>
                        <a href="#" panel-name="suite-Suite" title="com.MyEcom.testcase.SignInPageTest" class="method navigator-link" hash-for-method="login">login</a> <!-- method navigator-link -->
                      </span>
                      <br/>
                      <span>
                        <img src="failed.png" width="3%"/>
                        <a href="#" panel-name="suite-Suite" title="com.MyEcom.testcase.SignInPageTest" class="method navigator-link" hash-for-method="signUpDetalis">signUpDetalis</a> <!-- method navigator-link -->
                      </span>
                      <br/>
                      <span>
                        <img src="failed.png" width="3%"/>
                        <a href="#" panel-name="suite-Suite" title="com.MyEcom.testcase.SignInPageTest" class="method navigator-link" hash-for-method="signup">signup</a> <!-- method navigator-link -->
                      </span>
                      <br/>
                    </div> <!-- method-list-content failed suite-Suite -->
                  </li>
                  <li>
                    <span class="method-list-title skipped">Skipped methods</span>
                    <span class="show-or-hide-methods skipped">
                      <a href="#" panel-name="suite-Suite" class="hide-methods skipped suite-Suite"> (hide)</a> <!-- hide-methods skipped suite-Suite -->
                      <a href="#" panel-name="suite-Suite" class="show-methods skipped suite-Suite"> (show)</a> <!-- show-methods skipped suite-Suite -->
                    </span>
                    <div class="method-list-content skipped suite-Suite">
                      <span>
                        <img src="skipped.png" width="3%"/>
                        <a href="#" panel-name="suite-Suite" title="com.MyEcom.testcase.IndexPageTest" class="method navigator-link" hash-for-method="SearchProduct">SearchProduct</a> <!-- method navigator-link -->
                      </span>
                      <br/>
                      <span>
                        <img src="skipped.png" width="3%"/>
                        <a href="#" panel-name="suite-Suite" title="com.MyEcom.testcase.IndexPageTest" class="method navigator-link" hash-for-method="ValidateSearchButton">ValidateSearchButton</a> <!-- method navigator-link -->
                      </span>
                      <br/>
                      <span>
                        <img src="skipped.png" width="3%"/>
                        <a href="#" panel-name="suite-Suite" title="com.MyEcom.testcase.IndexPageTest" class="method navigator-link" hash-for-method="ValidateTittle">ValidateTittle</a> <!-- method navigator-link -->
                      </span>
                      <br/>
                      <span>
                        <img src="skipped.png" width="3%"/>
                        <a href="#" panel-name="suite-Suite" title="com.MyEcom.testcase.IndexPageTest" class="method navigator-link" hash-for-method="validateLogo">validateLogo</a> <!-- method navigator-link -->
                      </span>
                      <br/>
                    </div> <!-- method-list-content skipped suite-Suite -->
                  </li>
                </ul>
              </div> <!-- suite-section-content -->
            </div> <!-- result-section -->
          </div> <!-- navigator-suite-content -->
        </div> <!-- rounded-window -->
      </div> <!-- suite -->
    </div> <!-- navigator-root -->
    <div class="wrapper">
      <div class="main-panel-root">
        <div panel-name="suite-Suite" class="panel Suite">
          <div class="suite-Suite-class-failed">
            <div class="main-panel-header rounded-window-top">
              <img src="failed.png"/>
              <span class="class-name">com.MyEcom.testcase.IndexPageTest</span>
            </div> <!-- main-panel-header rounded-window-top -->
            <div class="main-panel-content rounded-window-bottom">
              <div class="method">
                <div class="method-content">
                  <a name="ClickOnSignIn">
                  </a> <!-- ClickOnSignIn -->
                  <span class="method-name">ClickOnSignIn</span>
                  <div class="stack-trace">java.lang.NullPointerException: Cannot invoke &quot;com.MyEcom.Pom.SignInPagePom.getPageHEading()&quot; because &quot;this.signInPagePom&quot; is null
	at com.MyEcom.testcase.IndexPageTest.ClickOnSignIn(IndexPageTest.java:100)
	at java.base/java.util.ArrayList.forEach(ArrayList.java:1511)
... Removed 27 stack frames
</div> <!-- stack-trace -->
                </div> <!-- method-content -->
              </div> <!-- method -->
            </div> <!-- main-panel-content rounded-window-bottom -->
          </div> <!-- suite-Suite-class-failed -->
          <div class="suite-Suite-class-failed">
            <div class="main-panel-header rounded-window-top">
              <img src="failed.png"/>
              <span class="class-name">com.MyEcom.testcase.SignInPageTest</span>
            </div> <!-- main-panel-header rounded-window-top -->
            <div class="main-panel-content rounded-window-bottom">
              <div class="method">
                <div class="method-content">
                  <a name="login">
                  </a> <!-- login -->
                  <span class="method-name">login</span>
                  <div class="stack-trace">org.openqa.selenium.NoSuchElementException: Unable to find element with locator By.id: email
For documentation on this error, please visit: https://selenium.dev/exceptions/#no_such_element
Build info: version: &apos;4.4.0&apos;, revision: &apos;e5c75ed026a&apos;
System info: host: &apos;DESKTOP-JH6HKVT&apos;, ip: &apos;192.168.118.160&apos;, os.name: &apos;Windows 10&apos;, os.arch: &apos;amd64&apos;, os.version: &apos;10.0&apos;, java.version: &apos;17.0.3&apos;
Driver info: driver.version: RemoteWebDriver
	at org.openqa.selenium.remote.ElementLocation$ElementFinder$2.findElement(ElementLocation.java:165)
	at org.openqa.selenium.remote.ElementLocation.findElement(ElementLocation.java:66)
	at org.openqa.selenium.remote.RemoteWebDriver.findElement(RemoteWebDriver.java:365)
	at org.openqa.selenium.remote.RemoteWebDriver.findElement(RemoteWebDriver.java:357)
	at org.openqa.selenium.support.pagefactory.DefaultElementLocator.findElement(DefaultElementLocator.java:70)
	at org.openqa.selenium.support.pagefactory.internal.LocatingElementHandler.invoke(LocatingElementHandler.java:39)
	at jdk.proxy2/jdk.proxy2.$Proxy13.sendKeys(Unknown Source)
	at com.MyEcom.Pom.SignInPagePom.setLoinData(SignInPagePom.java:44)
	at com.MyEcom.testcase.SignInPageTest.login(SignInPageTest.java:68)
	at java.base/java.util.ArrayList.forEach(ArrayList.java:1511)
... Removed 27 stack frames
</div> <!-- stack-trace -->
                </div> <!-- method-content -->
              </div> <!-- method -->
              <div class="method">
                <div class="method-content">
                  <a name="signUpDetalis">
                  </a> <!-- signUpDetalis -->
                  <span class="method-name">signUpDetalis</span>
                  <div class="stack-trace">org.openqa.selenium.NoSuchElementException: no such element: Unable to locate element: {&quot;method&quot;:&quot;css selector&quot;,&quot;selector&quot;:&quot;#id_gender1&quot;}
  (Session info: chrome=105.0.5195.127)
For documentation on this error, please visit: https://selenium.dev/exceptions/#no_such_element
Build info: version: &apos;4.4.0&apos;, revision: &apos;e5c75ed026a&apos;
System info: host: &apos;DESKTOP-JH6HKVT&apos;, ip: &apos;192.168.118.160&apos;, os.name: &apos;Windows 10&apos;, os.arch: &apos;amd64&apos;, os.version: &apos;10.0&apos;, java.version: &apos;17.0.3&apos;
Driver info: org.openqa.selenium.chrome.ChromeDriver
Command: [1fdd371ae2d51a879fca872a514b7005, findElement {using=id, value=id_gender1}]
Capabilities {acceptInsecureCerts: false, browserName: chrome, browserVersion: 105.0.5195.127, chrome: {chromedriverVersion: 104.0.5112.79 (3cf3e8c8a07d..., userDataDir: C:\Users\HP\AppData\Local\T...}, goog:chromeOptions: {debuggerAddress: localhost:63652}, networkConnectionEnabled: false, pageLoadStrategy: normal, platformName: WINDOWS, proxy: Proxy(), se:cdp: ws://localhost:63652/devtoo..., se:cdpVersion: 105.0.5195.127, setWindowRect: true, strictFileInteractability: false, timeouts: {implicit: 0, pageLoad: 300000, script: 30000}, unhandledPromptBehavior: dismiss and notify, webauthn:extension:credBlob: true, webauthn:extension:largeBlob: true, webauthn:virtualAuthenticators: true}
Session ID: 1fdd371ae2d51a879fca872a514b7005
	at org.openqa.selenium.remote.codec.w3c.W3CHttpResponseCodec.createException(W3CHttpResponseCodec.java:200)
	at org.openqa.selenium.remote.codec.w3c.W3CHttpResponseCodec.decode(W3CHttpResponseCodec.java:133)
	at org.openqa.selenium.remote.codec.w3c.W3CHttpResponseCodec.decode(W3CHttpResponseCodec.java:53)
	at org.openqa.selenium.remote.HttpCommandExecutor.execute(HttpCommandExecutor.java:184)
	at org.openqa.selenium.remote.service.DriverCommandExecutor.invokeExecute(DriverCommandExecutor.java:167)
	at org.openqa.selenium.remote.service.DriverCommandExecutor.execute(DriverCommandExecutor.java:142)
	at org.openqa.selenium.remote.RemoteWebDriver.execute(RemoteWebDriver.java:547)
	at org.openqa.selenium.remote.ElementLocation$ElementFinder$2.findElement(ElementLocation.java:162)
	at org.openqa.selenium.remote.ElementLocation.findElement(ElementLocation.java:60)
	at org.openqa.selenium.remote.RemoteWebDriver.findElement(RemoteWebDriver.java:365)
	at org.openqa.selenium.remote.RemoteWebDriver.findElement(RemoteWebDriver.java:357)
	at org.openqa.selenium.support.pagefactory.DefaultElementLocator.findElement(DefaultElementLocator.java:70)
	at org.openqa.selenium.support.pagefactory.internal.LocatingElementHandler.invoke(LocatingElementHandler.java:39)
	at jdk.proxy2/jdk.proxy2.$Proxy13.click(Unknown Source)
	at com.MyEcom.Pom.signUpPageDetails.titilemr(signUpPageDetails.java:63)
	at com.MyEcom.testcase.SignInPageTest.signUpDetalis(SignInPageTest.java:92)
	at java.base/java.util.ArrayList.forEach(ArrayList.java:1511)
... Removed 32 stack frames
</div> <!-- stack-trace -->
                </div> <!-- method-content -->
              </div> <!-- method -->
              <div class="method">
                <div class="method-content">
                  <a name="signup">
                  </a> <!-- signup -->
                  <span class="method-name">signup</span>
                  <div class="stack-trace">org.openqa.selenium.NoSuchElementException: no such element: Unable to locate element: {&quot;method&quot;:&quot;xpath&quot;,&quot;selector&quot;:&quot;//a[@class=&apos;login&apos;]&quot;}
  (Session info: chrome=105.0.5195.127)
For documentation on this error, please visit: https://selenium.dev/exceptions/#no_such_element
Build info: version: &apos;4.4.0&apos;, revision: &apos;e5c75ed026a&apos;
System info: host: &apos;DESKTOP-JH6HKVT&apos;, ip: &apos;192.168.118.160&apos;, os.name: &apos;Windows 10&apos;, os.arch: &apos;amd64&apos;, os.version: &apos;10.0&apos;, java.version: &apos;17.0.3&apos;
Driver info: org.openqa.selenium.chrome.ChromeDriver
Command: [4fcacc57b3382a02e06e533b1cb5106a, findElement {using=xpath, value=//a[@class=&apos;login&apos;]}]
Capabilities {acceptInsecureCerts: false, browserName: chrome, browserVersion: 105.0.5195.127, chrome: {chromedriverVersion: 104.0.5112.79 (3cf3e8c8a07d..., userDataDir: C:\Users\HP\AppData\Local\T...}, goog:chromeOptions: {debuggerAddress: localhost:63695}, networkConnectionEnabled: false, pageLoadStrategy: normal, platformName: WINDOWS, proxy: Proxy(), se:cdp: ws://localhost:63695/devtoo..., se:cdpVersion: 105.0.5195.127, setWindowRect: true, strictFileInteractability: false, timeouts: {implicit: 0, pageLoad: 300000, script: 30000}, unhandledPromptBehavior: dismiss and notify, webauthn:extension:credBlob: true, webauthn:extension:largeBlob: true, webauthn:virtualAuthenticators: true}
Session ID: 4fcacc57b3382a02e06e533b1cb5106a
	at org.openqa.selenium.remote.codec.w3c.W3CHttpResponseCodec.createException(W3CHttpResponseCodec.java:200)
	at org.openqa.selenium.remote.codec.w3c.W3CHttpResponseCodec.decode(W3CHttpResponseCodec.java:133)
	at org.openqa.selenium.remote.codec.w3c.W3CHttpResponseCodec.decode(W3CHttpResponseCodec.java:53)
	at org.openqa.selenium.remote.HttpCommandExecutor.execute(HttpCommandExecutor.java:184)
	at org.openqa.selenium.remote.service.DriverCommandExecutor.invokeExecute(DriverCommandExecutor.java:167)
	at org.openqa.selenium.remote.service.DriverCommandExecutor.execute(DriverCommandExecutor.java:142)
	at org.openqa.selenium.remote.RemoteWebDriver.execute(RemoteWebDriver.java:547)
	at org.openqa.selenium.remote.ElementLocation$ElementFinder$2.findElement(ElementLocation.java:162)
	at org.openqa.selenium.remote.ElementLocation.findElement(ElementLocation.java:60)
	at org.openqa.selenium.remote.RemoteWebDriver.findElement(RemoteWebDriver.java:365)
	at org.openqa.selenium.remote.RemoteWebDriver.findElement(RemoteWebDriver.java:357)
	at org.openqa.selenium.support.pagefactory.DefaultElementLocator.findElement(DefaultElementLocator.java:70)
	at org.openqa.selenium.support.pagefactory.internal.LocatingElementHandler.invoke(LocatingElementHandler.java:39)
	at jdk.proxy2/jdk.proxy2.$Proxy13.click(Unknown Source)
	at com.MyEcom.Pom.IndexPagePom.ClickOnSignIn(IndexPagePom.java:51)
	at com.MyEcom.testcase.SignInPageTest.signup(SignInPageTest.java:78)
	at java.base/java.util.ArrayList.forEach(ArrayList.java:1511)
... Removed 32 stack frames
</div> <!-- stack-trace -->
                </div> <!-- method-content -->
              </div> <!-- method -->
            </div> <!-- main-panel-content rounded-window-bottom -->
          </div> <!-- suite-Suite-class-failed -->
          <div class="suite-Suite-class-skipped">
            <div class="main-panel-header rounded-window-top">
              <img src="skipped.png"/>
              <span class="class-name">com.MyEcom.testcase.IndexPageTest</span>
            </div> <!-- main-panel-header rounded-window-top -->
            <div class="main-panel-content rounded-window-bottom">
              <div class="method">
                <div class="method-content">
                  <a name="SearchProduct">
                  </a> <!-- SearchProduct -->
                  <span class="method-name">SearchProduct</span>
                  <div class="stack-trace">java.lang.IllegalArgumentException: Parameter &apos;srcDir&apos; is not a directory: &apos;C:\Users\HP\AppData\Local\Temp\screenshot8379024897863611226.png&apos;
	at org.apache.commons.io.FileUtils.requireDirectory(FileUtils.java:2635)
	at org.apache.commons.io.FileUtils.copyDirectory(FileUtils.java:682)
	at org.apache.commons.io.FileUtils.copyDirectory(FileUtils.java:630)
	at org.apache.commons.io.FileUtils.copyDirectory(FileUtils.java:531)
	at org.apache.commons.io.FileUtils.copyDirectory(FileUtils.java:502)
	at com.MyEcom.utility.Utility.getScreenShot(Utility.java:54)
	at com.MyEcom.testcase.IndexPageTest.tearDown(IndexPageTest.java:60)
	at java.base/java.util.ArrayList.forEach(ArrayList.java:1511)
... Removed 32 stack frames
</div> <!-- stack-trace -->
                </div> <!-- method-content -->
              </div> <!-- method -->
              <div class="method">
                <div class="method-content">
                  <a name="ValidateSearchButton">
                  </a> <!-- ValidateSearchButton -->
                  <span class="method-name">ValidateSearchButton</span>
                  <div class="stack-trace">java.lang.IllegalArgumentException: Parameter &apos;srcDir&apos; is not a directory: &apos;C:\Users\HP\AppData\Local\Temp\screenshot8379024897863611226.png&apos;
	at org.apache.commons.io.FileUtils.requireDirectory(FileUtils.java:2635)
	at org.apache.commons.io.FileUtils.copyDirectory(FileUtils.java:682)
	at org.apache.commons.io.FileUtils.copyDirectory(FileUtils.java:630)
	at org.apache.commons.io.FileUtils.copyDirectory(FileUtils.java:531)
	at org.apache.commons.io.FileUtils.copyDirectory(FileUtils.java:502)
	at com.MyEcom.utility.Utility.getScreenShot(Utility.java:54)
	at com.MyEcom.testcase.IndexPageTest.tearDown(IndexPageTest.java:60)
	at java.base/java.util.ArrayList.forEach(ArrayList.java:1511)
... Removed 32 stack frames
</div> <!-- stack-trace -->
                </div> <!-- method-content -->
              </div> <!-- method -->
              <div class="method">
                <div class="method-content">
                  <a name="ValidateTittle">
                  </a> <!-- ValidateTittle -->
                  <span class="method-name">ValidateTittle</span>
                  <div class="stack-trace">java.lang.IllegalArgumentException: Parameter &apos;srcDir&apos; is not a directory: &apos;C:\Users\HP\AppData\Local\Temp\screenshot8379024897863611226.png&apos;
	at org.apache.commons.io.FileUtils.requireDirectory(FileUtils.java:2635)
	at org.apache.commons.io.FileUtils.copyDirectory(FileUtils.java:682)
	at org.apache.commons.io.FileUtils.copyDirectory(FileUtils.java:630)
	at org.apache.commons.io.FileUtils.copyDirectory(FileUtils.java:531)
	at org.apache.commons.io.FileUtils.copyDirectory(FileUtils.java:502)
	at com.MyEcom.utility.Utility.getScreenShot(Utility.java:54)
	at com.MyEcom.testcase.IndexPageTest.tearDown(IndexPageTest.java:60)
	at java.base/java.util.ArrayList.forEach(ArrayList.java:1511)
... Removed 32 stack frames
</div> <!-- stack-trace -->
                </div> <!-- method-content -->
              </div> <!-- method -->
              <div class="method">
                <div class="method-content">
                  <a name="validateLogo">
                  </a> <!-- validateLogo -->
                  <span class="method-name">validateLogo</span>
                  <div class="stack-trace">java.lang.IllegalArgumentException: Parameter &apos;srcDir&apos; is not a directory: &apos;C:\Users\HP\AppData\Local\Temp\screenshot8379024897863611226.png&apos;
	at org.apache.commons.io.FileUtils.requireDirectory(FileUtils.java:2635)
	at org.apache.commons.io.FileUtils.copyDirectory(FileUtils.java:682)
	at org.apache.commons.io.FileUtils.copyDirectory(FileUtils.java:630)
	at org.apache.commons.io.FileUtils.copyDirectory(FileUtils.java:531)
	at org.apache.commons.io.FileUtils.copyDirectory(FileUtils.java:502)
	at com.MyEcom.utility.Utility.getScreenShot(Utility.java:54)
	at com.MyEcom.testcase.IndexPageTest.tearDown(IndexPageTest.java:60)
	at java.base/java.util.ArrayList.forEach(ArrayList.java:1511)
... Removed 32 stack frames
</div> <!-- stack-trace -->
                </div> <!-- method-content -->
              </div> <!-- method -->
            </div> <!-- main-panel-content rounded-window-bottom -->
          </div> <!-- suite-Suite-class-skipped -->
        </div> <!-- panel Suite -->
        <div panel-name="test-xml-Suite" class="panel">
          <div class="main-panel-header rounded-window-top">
            <span class="header-content">D:\JAVA Class\eclipse-Maven Project\testng.xml</span>
          </div> <!-- main-panel-header rounded-window-top -->
          <div class="main-panel-content rounded-window-bottom">
            <pre>
&lt;?xml version=&quot;1.0&quot; encoding=&quot;UTF-8&quot;?&gt;
&lt;!DOCTYPE suite SYSTEM &quot;https://testng.org/testng-1.0.dtd&quot;&gt;
&lt;suite name=&quot;Suite&quot; guice-stage=&quot;DEVELOPMENT&quot;&gt;
  &lt;test thread-count=&quot;5&quot; name=&quot;Test&quot;&gt;
    &lt;classes&gt;
      &lt;class name=&quot;com.MyEcom.testcase.IndexPageTest&quot;/&gt;
      &lt;class name=&quot;com.MyEcom.testcase.SignInPageTest&quot;/&gt;
    &lt;/classes&gt;
  &lt;/test&gt; &lt;!-- Test --&gt;
&lt;/suite&gt; &lt;!-- Suite --&gt;
            </pre>
          </div> <!-- main-panel-content rounded-window-bottom -->
        </div> <!-- panel -->
        <div panel-name="testlist-Suite" class="panel">
          <div class="main-panel-header rounded-window-top">
            <span class="header-content">Tests for Suite</span>
          </div> <!-- main-panel-header rounded-window-top -->
          <div class="main-panel-content rounded-window-bottom">
            <ul>
              <li>
                <span class="test-name">Test (2 classes)</span>
              </li>
            </ul>
          </div> <!-- main-panel-content rounded-window-bottom -->
        </div> <!-- panel -->
        <div panel-name="group-Suite" class="panel">
          <div class="main-panel-header rounded-window-top">
            <span class="header-content">Groups for Suite</span>
          </div> <!-- main-panel-header rounded-window-top -->
          <div class="main-panel-content rounded-window-bottom">
          </div> <!-- main-panel-content rounded-window-bottom -->
        </div> <!-- panel -->
        <div panel-name="times-Suite" class="panel">
          <div class="main-panel-header rounded-window-top">
            <span class="header-content">Times for Suite</span>
          </div> <!-- main-panel-header rounded-window-top -->
          <div class="main-panel-content rounded-window-bottom">
            <div class="times-div">
              <script type="text/javascript">
suiteTableInitFunctions.push('tableData_Suite');
function tableData_Suite() {
var data = new google.visualization.DataTable();
data.addColumn('number', 'Number');
data.addColumn('string', 'Method');
data.addColumn('string', 'Class');
data.addColumn('number', 'Time (ms)');
data.addRows(8);
data.setCell(0, 0, 0)
data.setCell(0, 1, 'signUpDetalis')
data.setCell(0, 2, 'com.MyEcom.testcase.SignInPageTest')
data.setCell(0, 3, 31531);
data.setCell(1, 0, 1)
data.setCell(1, 1, 'login')
data.setCell(1, 2, 'com.MyEcom.testcase.SignInPageTest')
data.setCell(1, 3, 25852);
data.setCell(2, 0, 2)
data.setCell(2, 1, 'ClickOnSignIn')
data.setCell(2, 2, 'com.MyEcom.testcase.IndexPageTest')
data.setCell(2, 3, 2744);
data.setCell(3, 0, 3)
data.setCell(3, 1, 'signup')
data.setCell(3, 2, 'com.MyEcom.testcase.SignInPageTest')
data.setCell(3, 3, 2089);
data.setCell(4, 0, 4)
data.setCell(4, 1, 'validateLogo')
data.setCell(4, 2, 'com.MyEcom.testcase.IndexPageTest')
data.setCell(4, 3, 0);
data.setCell(5, 0, 5)
data.setCell(5, 1, 'SearchProduct')
data.setCell(5, 2, 'com.MyEcom.testcase.IndexPageTest')
data.setCell(5, 3, 0);
data.setCell(6, 0, 6)
data.setCell(6, 1, 'ValidateSearchButton')
data.setCell(6, 2, 'com.MyEcom.testcase.IndexPageTest')
data.setCell(6, 3, 0);
data.setCell(7, 0, 7)
data.setCell(7, 1, 'ValidateTittle')
data.setCell(7, 2, 'com.MyEcom.testcase.IndexPageTest')
data.setCell(7, 3, 0);
window.suiteTableData['Suite']= { tableData: data, tableDiv: 'times-div-Suite'}
return data;
}
              </script>
              <span class="suite-total-time">Total running time: 1 minutes</span>
              <div id="times-div-Suite">
              </div> <!-- times-div-Suite -->
            </div> <!-- times-div -->
          </div> <!-- main-panel-content rounded-window-bottom -->
        </div> <!-- panel -->
        <div panel-name="reporter-Suite" class="panel">
          <div class="main-panel-header rounded-window-top">
            <span class="header-content">Reporter output for Suite</span>
          </div> <!-- main-panel-header rounded-window-top -->
          <div class="main-panel-content rounded-window-bottom">
          </div> <!-- main-panel-content rounded-window-bottom -->
        </div> <!-- panel -->
        <div panel-name="ignored-methods-Suite" class="panel">
          <div class="main-panel-header rounded-window-top">
            <span class="header-content">1 ignored method</span>
          </div> <!-- main-panel-header rounded-window-top -->
          <div class="main-panel-content rounded-window-bottom">
            <div class="ignored-class-div">
              <span class="ignored-class-name">com.MyEcom.testcase.SignInPageTest</span>
              <div class="ignored-methods-div">
                <span class="ignored-method-name">readProp</span>
                <br/>
              </div> <!-- ignored-methods-div -->
            </div> <!-- ignored-class-div -->
          </div> <!-- main-panel-content rounded-window-bottom -->
        </div> <!-- panel -->
        <div panel-name="chronological-Suite" class="panel">
          <div class="main-panel-header rounded-window-top">
            <span class="header-content">Methods in chronological order</span>
          </div> <!-- main-panel-header rounded-window-top -->
          <div class="main-panel-content rounded-window-bottom">
            <div class="chronological-class">
              <div class="chronological-class-name">com.MyEcom.testcase.IndexPageTest</div> <!-- chronological-class-name -->
              <div class="configuration-test before">
                <span class="method-name">readProp</span>
                <span class="method-start">0 ms</span>
              </div> <!-- configuration-test before -->
              <div class="configuration-method before">
                <span class="method-name">generateExtentReport</span>
                <span class="method-start">61 ms</span>
              </div> <!-- configuration-method before -->
              <div class="configuration-method before">
                <span class="method-name">setUp</span>
                <span class="method-start">802 ms</span>
              </div> <!-- configuration-method before -->
              <div class="test-method">
                <img src="failed.png">
                </img>
                <span class="method-name">ClickOnSignIn</span>
                <span class="method-start">69836 ms</span>
              </div> <!-- test-method -->
              <div class="configuration-method after">
                <span class="method-name">flushReport</span>
                <span class="method-start">72586 ms</span>
              </div> <!-- configuration-method after -->
              <div class="configuration-method after">
                <img src="failed.png">
                </img>
                <span class="method-name">tearDown([TestResult name=ClickOnSignIn status=FAILURE method=IndexPageTest.ClickOnSignIn()[pri:0, instance:c...)</span>
                <span class="method-start">73283 ms</span>
              </div> <!-- configuration-method after -->
              <div class="configuration-method before">
                <span class="method-name">generateExtentReport</span>
                <span class="method-start">73733 ms</span>
              </div> <!-- configuration-method before -->
              <div class="configuration-method before">
                <span class="method-name">setUp</span>
                <span class="method-start">73735 ms</span>
              </div> <!-- configuration-method before -->
              <div class="test-method">
                <span class="method-name">SearchProduct</span>
                <span class="method-start">73744 ms</span>
              </div> <!-- test-method -->
              <div class="configuration-method after">
                <span class="method-name">flushReport</span>
                <span class="method-start">73758 ms</span>
              </div> <!-- configuration-method after -->
              <div class="configuration-method after">
                <span class="method-name">tearDown</span>
                <span class="method-start">73759 ms</span>
              </div> <!-- configuration-method after -->
              <div class="configuration-method before">
                <span class="method-name">generateExtentReport</span>
                <span class="method-start">73769 ms</span>
              </div> <!-- configuration-method before -->
              <div class="configuration-method before">
                <span class="method-name">setUp</span>
                <span class="method-start">73772 ms</span>
              </div> <!-- configuration-method before -->
              <div class="test-method">
                <span class="method-name">ValidateSearchButton</span>
                <span class="method-start">73777 ms</span>
              </div> <!-- test-method -->
              <div class="configuration-method after">
                <span class="method-name">flushReport</span>
                <span class="method-start">73795 ms</span>
              </div> <!-- configuration-method after -->
              <div class="configuration-method after">
                <span class="method-name">tearDown</span>
                <span class="method-start">73815 ms</span>
              </div> <!-- configuration-method after -->
              <div class="configuration-method before">
                <span class="method-name">generateExtentReport</span>
                <span class="method-start">73817 ms</span>
              </div> <!-- configuration-method before -->
              <div class="configuration-method before">
                <span class="method-name">setUp</span>
                <span class="method-start">73818 ms</span>
              </div> <!-- configuration-method before -->
              <div class="test-method">
                <span class="method-name">ValidateTittle</span>
                <span class="method-start">73819 ms</span>
              </div> <!-- test-method -->
              <div class="configuration-method after">
                <span class="method-name">flushReport</span>
                <span class="method-start">73828 ms</span>
              </div> <!-- configuration-method after -->
              <div class="configuration-method after">
                <span class="method-name">tearDown</span>
                <span class="method-start">73832 ms</span>
              </div> <!-- configuration-method after -->
              <div class="configuration-method before">
                <span class="method-name">generateExtentReport</span>
                <span class="method-start">73835 ms</span>
              </div> <!-- configuration-method before -->
              <div class="configuration-method before">
                <span class="method-name">setUp</span>
                <span class="method-start">73836 ms</span>
              </div> <!-- configuration-method before -->
              <div class="test-method">
                <span class="method-name">validateLogo</span>
                <span class="method-start">73838 ms</span>
              </div> <!-- test-method -->
              <div class="configuration-method after">
                <span class="method-name">flushReport</span>
                <span class="method-start">73850 ms</span>
              </div> <!-- configuration-method after -->
              <div class="configuration-method after">
                <span class="method-name">tearDown</span>
                <span class="method-start">73852 ms</span>
              </div> <!-- configuration-method after -->
            </div> <!-- chronological-class -->
            <div class="chronological-class">
              <div class="chronological-class-name">com.MyEcom.testcase.SignInPageTest</div> <!-- chronological-class-name -->
              <div class="configuration-method before">
                <span class="method-name">setUp</span>
                <span class="method-start">73857 ms</span>
              </div> <!-- configuration-method before -->
              <div class="test-method">
                <img src="failed.png">
                </img>
                <span class="method-name">login</span>
                <span class="method-start">121316 ms</span>
              </div> <!-- test-method -->
              <div class="configuration-method after">
                <span class="method-name">tearDown</span>
                <span class="method-start">147184 ms</span>
              </div> <!-- configuration-method after -->
              <div class="configuration-method before">
                <span class="method-name">setUp</span>
                <span class="method-start">147950 ms</span>
              </div> <!-- configuration-method before -->
              <div class="test-method">
                <img src="failed.png">
                </img>
                <span class="method-name">signUpDetalis</span>
                <span class="method-start">171688 ms</span>
              </div> <!-- test-method -->
              <div class="configuration-method after">
                <span class="method-name">tearDown</span>
                <span class="method-start">203222 ms</span>
              </div> <!-- configuration-method after -->
              <div class="configuration-method before">
                <span class="method-name">setUp</span>
                <span class="method-start">203599 ms</span>
              </div> <!-- configuration-method before -->
              <div class="test-method">
                <img src="failed.png">
                </img>
                <span class="method-name">signup</span>
                <span class="method-start">209776 ms</span>
              </div> <!-- test-method -->
              <div class="configuration-method after">
                <span class="method-name">tearDown</span>
                <span class="method-start">211867 ms</span>
              </div> <!-- configuration-method after -->
          </div> <!-- main-panel-content rounded-window-bottom -->
        </div> <!-- panel -->
      </div> <!-- main-panel-root -->
    </div> <!-- wrapper -->
  </body>
<script type="text/javascript" src="testng-reports2.js"></script>
</html>
